\BOOKMARK [1][-]{section.1}{\376\377\137\025\212\000}{}% 1
\BOOKMARK [2][-]{subsection.1.1}{\376\377\200\314\146\157}{section.1}% 2
\BOOKMARK [2][-]{subsection.1.2}{\376\377\225\356\230\230\226\110\217\360}{section.1}% 3
\BOOKMARK [2][-]{subsection.1.3}{\376\377\213\272\145\207\215\041\163\056}{section.1}% 4
\BOOKMARK [1][-]{section.2}{\376\377\166\370\121\163\135\345\117\134}{}% 5
\BOOKMARK [1][-]{section.3}{\376\377\145\271\154\325}{}% 6
\BOOKMARK [2][-]{subsection.3.1}{\376\377\225\356\230\230\133\232\116\111}{section.3}% 7
\BOOKMARK [3][-]{subsubsection.3.1.1}{\376\377\116\373\122\241\166\356\150\007}{subsection.3.1}% 8
\BOOKMARK [3][-]{subsubsection.3.1.2}{\376\377\143\247\122\066\176\323\147\204}{subsection.3.1}% 9
\BOOKMARK [3][-]{subsubsection.3.1.3}{\376\377\137\072\123\026\133\146\116\140\137\142\137\017\123\026}{subsection.3.1}% 10
\BOOKMARK [2][-]{subsection.3.2}{\376\377\147\072\150\260\201\302\122\250\122\233\133\146\152\041\127\213}{section.3}% 11
\BOOKMARK [3][-]{subsubsection.3.2.1}{\376\377\217\320\122\250\133\146\121\163\174\373}{subsection.3.2}% 12
\BOOKMARK [3][-]{subsubsection.3.2.2}{\376\377\122\250\122\233\133\146\145\271\172\013}{subsection.3.2}% 13
\BOOKMARK [3][-]{subsubsection.3.2.3}{\376\377\226\366\172\172\225\364\142\225\137\161}{subsection.3.2}% 14
\BOOKMARK [2][-]{subsection.3.3}{\376\377\162\151\164\006\117\341\140\157\130\236\137\072\166\204\173\126\165\145\177\121\176\334}{section.3}% 15
\BOOKMARK [3][-]{subsubsection.3.3.1}{\376\377\122\250\122\233\133\146\116\000\201\364\140\047\176\246\147\137}{subsection.3.3}% 16
\BOOKMARK [3][-]{subsubsection.3.3.2}{\376\377\153\143\122\031\123\026\143\137\131\061\000\040\000v\000s\000.\000\040\000R\000e\000w\000a\000r\000d\000\040\000S\000h\000a\000p\000i\000n\000g}{subsection.3.3}% 17
\BOOKMARK [2][-]{subsection.3.4}{\376\377\217\320\122\250\133\146\137\025\133\374\166\204\122\250\117\134\172\172\225\364\176\246\147\137}{section.3}% 18
\BOOKMARK [2][-]{subsection.3.5}{\376\377\127\372\116\216\215\335\171\273\127\072\166\204\220\177\226\234\131\126\122\261}{section.3}% 19
\BOOKMARK [1][-]{section.4}{\376\377\133\236\232\214}{}% 20
\BOOKMARK [2][-]{subsection.4.1}{\376\377\133\236\232\214\213\276\177\156}{section.4}% 21
\BOOKMARK [3][-]{subsubsection.4.1.1}{\376\377\133\371\153\324\145\271\154\325}{subsection.4.1}% 22
\BOOKMARK [3][-]{subsubsection.4.1.2}{\376\377\155\113\213\325\127\072\146\157}{subsection.4.1}% 23
\BOOKMARK [3][-]{subsubsection.4.1.3}{\376\377\213\304\116\367\143\007\150\007}{subsection.4.1}% 24
\BOOKMARK [2][-]{subsection.4.2}{\376\377\176\323\147\234\122\006\147\220}{section.4}% 25
\BOOKMARK [3][-]{subsubsection.4.2.1}{\376\377\142\020\122\237\163\207\133\371\153\324}{subsection.4.2}% 26
\BOOKMARK [3][-]{subsubsection.4.2.2}{\376\377\213\255\176\303\145\110\163\207\122\006\147\220}{subsection.4.2}% 27
\BOOKMARK [3][-]{subsubsection.4.2.3}{\376\377\162\151\164\006\123\357\210\114\140\047\232\214\213\301}{subsection.4.2}% 28
\BOOKMARK [3][-]{subsubsection.4.2.4}{\376\377\155\210\207\215\133\236\232\214\176\323\147\234}{subsection.4.2}% 29
\BOOKMARK [1][-]{section.5}{\376\377\176\323\213\272}{}% 30
\BOOKMARK [1][-]{section*.1}{\376\377\123\302\200\003\145\207\163\056}{}% 31
